<?xml version="1.0" encoding="UTF-8"?>
<!-- Generated by org.testng.reporters.JUnitReportReporter -->
<testsuite hostname="LMC-LT-066" failures="0" tests="1" name="testSample.testsam" time="0.018" errors="0" timestamp="2022-08-16T16:35:37 IST" skipped="0">
  <testcase classname="testSample.testsam" name="login" time="0.018"/>
  <system-out/>
</testsuite> <!-- testSample.testsam -->
